
Profiling started at Thu Jun 23 12:25:48 2016
Profiling stopped at Thu Jun 23 12:25:49 2016

-- OProfile/operf Statistics --
Nr. non-backtrace samples: 13989
Nr. kernel samples: 4410
Nr. user space samples: 9579
Nr. samples lost due to sample address not in expected range for domain: 0
Nr. lost kernel samples: 0
Nr. samples lost due to sample file open failure: 0
Nr. samples lost due to no permanent mapping: 0
Nr. user context kernel samples lost due to no app info available: 0
Nr. user samples lost due to no app info available: 0
Nr. backtraces skipped due to no file mapping: 0
Nr. hypervisor samples dropped due to address out-of-range: 0
Nr. samples lost reported by perf_events kernel: 0

Profiling started at Thu Jun 23 12:25:51 2016
Profiling stopped at Thu Jun 23 12:25:51 2016

-- OProfile/operf Statistics --
Nr. non-backtrace samples: 14531
Nr. kernel samples: 4120
Nr. user space samples: 10411
Nr. samples lost due to sample address not in expected range for domain: 0
Nr. lost kernel samples: 0
Nr. samples lost due to sample file open failure: 0
Nr. samples lost due to no permanent mapping: 0
Nr. user context kernel samples lost due to no app info available: 0
Nr. user samples lost due to no app info available: 0
Nr. backtraces skipped due to no file mapping: 0
Nr. hypervisor samples dropped due to address out-of-range: 0
Nr. samples lost reported by perf_events kernel: 0
